ft_memset:     [OK] [OK] [OK] [OK] [OK] [OK] [OK] 
ft_bzero:      [OK] [OK] [OK] [OK] 
ft_memcpy:     [OK] [OK] [OK] [OK] [OK] [OK] [OK] [OK] [OK] [OK] [OK] 
ft_memmove:    [OK] [OK] [OK] [OK] [OK] [OK] [OK] [OK] [OK] [OK] [OK] [OK] [OK] [OK] 
ft_memchr:     [OK] [OK] [OK] [OK] [OK] [OK] [OK] [OK] 
ft_memcmp:     [OK] [OK] [OK] [OK] [OK] [OK] [OK] [OK] [OK] [OK] 
ft_strlen:     [OK] [OK] [OK] [OK] [OK] [OK] [OK] [OK] [OK] 
ft_isalpha:    [OK] 
ft_isdigit:    [OK] 
ft_isalnum:    [OK] 
ft_isascii:    [OK] 
ft_isprint:    [OK] 
ft_toupper:    [OK] 
ft_tolower:    [OK] 
ft_strchr:     [OK] [OK] [OK] [OK] [OK] [OK] [OK] [OK] [OK] [OK] 
ft_strrchr:    [OK] [OK] [OK] [OK] [OK] [OK] [OK] [OK] 
ft_strncmp:    [OK] [OK] [OK] [OK] [FAILED] [FAILED] [FAILED] [OK] [OK] [OK] [OK] [OK] [OK] [OK] 
[fail]: your strncmp does not work with zero length string
Test code:
	char *s1 = "AAAAAA";
	char *s2 = "";
	int i1 = ((strncmp(s1, s2, 6) > 0) ? 1 : ((strncmp(s1, s2, 6) < 0) ? -1 : 0));
	int i2 = ((ft_strncmp(s1, s2, 6) > 0) ? 1 : ((ft_strncmp(s1, s2, 6) < 0) ? -1 : 0));

	if (i1 == i2)
		exit(TEST_SUCCESS);
	exit(TEST_FAILED);

Diffs:
     strncmp: |1|
  ft_strncmp: |0|

[fail]: your strncmp does not work with zero length string
Test code:
	char *s1 = "";
	char *s2 = "AAAAAA";
	int i1 = ((strncmp(s1, s2, 6) > 0) ? 1 : ((strncmp(s1, s2, 6) < 0) ? -1 : 0));
	int i2 = ((ft_strncmp(s1, s2, 6) > 0) ? 1 : ((ft_strncmp(s1, s2, 6) < 0) ? -1 : 0));

	if (i1 == i2)
		exit(TEST_SUCCESS);
	exit(TEST_FAILED);

Diffs:
     strncmp: |-1|
  ft_strncmp: |0|

[fail]: your strncmp does not cast in unsigned char the diff
Test code:
	char *s1 = "\200";
	char *s2 = "\0";
	int i1 = ((strncmp(s1, s2, 1) > 0) ? 1 : ((strncmp(s1, s2, 1) < 0) ? -1 : 0));
	int i2 = ((ft_strncmp(s1, s2, 1) > 0) ? 1 : ((ft_strncmp(s1, s2, 1) < 0) ? -1 : 0));

	if (i1 == i2)
		exit(TEST_SUCCESS);
	exit(TEST_FAILED);

Diffs:
     strncmp: |1|
  ft_strncmp: |0|

ft_strlcpy:    [OK] [OK] [OK] [OK] [OK] [OK] [OK] 
ft_strlcat:    [OK] [FAILED] [OK] [OK] [OK] [OK] [OK] [OK] [OK] [OK] [OK] [OK] [CRASH] 
[fail]: your strlcat does not work with basic input
Test code:
	char *str = "the cake is a lie !\0I'm hidden lol\r\n";
	char buff1[0xF00] = "there is no stars in the sky";
	char buff2[0xF00] = "there is no stars in the sky";
	size_t max = strlen("the cake is a lie !\0I'm hidden lol\r\n") + 4;
	size_t r1 = __builtin___strlcat_chk (buff1, str, max, __builtin_object_size (buff1, 2 > 1 ? 1 : 0));
	size_t r2 = ft_strlcat(buff2, str, max);

	if (r1 != r2)
		exit(TEST_FAILED);
	char s1[4] = "";
	char s2[4] = "";
	r1 = __builtin___strlcat_chk (s1, "thx to ntoniolo for this test !", 4, __builtin_object_size (s1, 2 > 1 ? 1 : 0))
		;
	r2 = ft_strlcat(s2, "thx to ntoniolo for this test !", 4)
		;
	if (r1 != r2)
		exit(TEST_FAILED);
	exit(TEST_SUCCESS);

Diffs:
     strlcat: |31|
  ft_strlcat: |0|

[crash]: your strlcat crush when null parameter is sent with a size of 0
Test code:
	char b[0xF] = "nyan !";

	ft_strlcat(((void *)0), b, 0);
	exit(TEST_SUCCESS);


ft_strnstr:    [OK] [OK] [OK] [OK] [OK] [OK] [OK] [OK] [OK] [OK] [OK] [OK] [OK] [OK] [CRASH] 
[crash]: your strnstr crush when null parameter is sent with a size of 0
Test code:
	ft_strnstr(((void *)0), "fake", 0);

	exit(TEST_SUCCESS);


ft_atoi:       [OK] [OK] [OK] [OK] [OK] [OK] [OK] [OK] [OK] [OK] [OK] [OK] [OK] [OK] [OK] [OK] 
ft_calloc:     [OK] [OK] [OK] [OK] [OK] 
ft_strdup:     [OK] [OK] [OK] [OK] [OK] [OK] [OK] 
ft_substr:     [FAILED] [FAILED] [OK] [FAILED] [FAILED] [OK] [FAILED] [OK] {not protected}[CRASH] 
[fail]: your substr does not work with valid input
Test code:
	char *str = "i just want this part #############";
	size_t size = 22;
	char *ret = ft_substr(str, 0, size);

	if (!strncmp(ret, str, size))
	{
		free(ret);
		exit(TEST_SUCCESS);
	}
	free(ret);
	exit(TEST_FAILED);

Diffs:
      substr: |i just want this part|
   ft_substr: |i just want this part|

[fail]: your substr does not work with valid input
Test code:
	char *str = "i just want this part #############";
	size_t size = 20;
	char *ret = ft_substr(str, 5, size);

	if (!strncmp(ret, str + 5, size))
	{
		free(ret);
		exit(TEST_SUCCESS);
	}
	free(ret);
	exit(TEST_FAILED);

Diffs:
      substr: |t want this part ###|
   ft_substr: |t want this part ##|

[fail]: your substr did not allocate the good size so the \0 test may be false
Test code:
	char *str = "i just want this part #############";
	size_t size = 10;
	int ret_size;

	ft_substr(str, 5, size);
	ret_size = get_last_malloc_size();
	if ((int)size + 1 == ret_size)
	{
		exit(TEST_SUCCESS);
	}
	exit(TEST_FAILED);

Diffs:
      substr: |11|
   ft_substr: |10|

[fail]: your substr does not set \0 to the end of the string
Test code:
	char str[] = "i just want this part #############";
	size_t size = 20;

	char *ret = ft_substr(str, 5, size);
	str[size + 5] = 0;
	if (!memcmp(ret, str + 5, size + 1))
	{
		free(ret);
		exit(TEST_SUCCESS);
	}
	free(ret);
	exit(TEST_FAILED);

Diffs:
      substr: |t want this part ###|
   ft_substr: |t want this part ##|

[fail]: your substr does not work for a whole string
Test code:
	char *s = "all of this !";
	size_t size = strlen(s);
	char *ret = ft_substr(s, 0, size);

	if (!strcmp(s, ret))
	{
		free(ret);
		exit(TEST_SUCCESS);
	}
	free(ret);
	exit(TEST_FAILED);

Diffs:
      substr: |all of this !|
   ft_substr: |all of this |

[crash]: your substr does not work when start >= ft_strlen(s)
Test code:
	char *str = "01234";
	size_t size = 10;
	char *ret = ft_substr(str, 10, size);

	if (!strncmp(ret, "", 1))
	{
		free(ret);
		exit(TEST_SUCCESS);
	}
	free(ret);
	exit(TEST_FAILED);


ft_strjoin:    [OK] [OK] [OK] [OK] [OK] {not protected}
ft_strtrim:    [FAILED] [FAILED] [FAILED] [OK] [OK] [KO] [FAILED] [OK] [FAILED] {not protected}
[fail]: your strtrim does not work with basic input
Test code:
	char *s1 = "   \t  \n\n \t\t  \n\n\nHello \t  Please\n Trim me !\n   \n \n \t\t\n  ";
	char *s2 = "Hello \t  Please\n Trim me !";
	char *ret = ft_strtrim(s1, " \n\t");

	if (!strcmp(ret, s2))
		exit(TEST_SUCCESS);
	exit(TEST_FAILED);

Diffs:
     strtrim: |Hello 	  Please
 Trim me !|
  ft_strtrim: |HelloPleaseTrimme!|

[fail]: your strtrim does not work with basic input
Test code:
	char *s1 = "   \t  \n\n \t\t  \n\n\nHello \t  Please\n Trim me !";
	char *s2 = "Hello \t  Please\n Trim me !";
	char *ret = ft_strtrim(s1, " \n\t");

	if (!strcmp(ret, s2))
		exit(TEST_SUCCESS);
	exit(TEST_FAILED);

Diffs:
     strtrim: |Hello 	  Please
 Trim me !|
  ft_strtrim: |HelloPleaseTrimme!|

[fail]: your strtrim does not work with basic input
Test code:
	char *s1 = "Hello \t  Please\n Trim me !";
	char *s2 = "Hello \t  Please\n Trim me !";
	char *ret = ft_strtrim(s1, " \n\t");

	if (!strcmp(ret, s2))
		exit(TEST_SUCCESS);
	exit(TEST_FAILED);

Diffs:
     strtrim: |Hello 	  Please
 Trim me !|
  ft_strtrim: |HelloPleaseTrimme!|

[KO]: your strtrim did not allocate the good size so the \0 test may be false
Test code:
	char *s1 = "\t   \n\n\n  \n\n\t    Hello \t  Please\n Trim me !\t\t\t\n  \t\t\t\t  ";
	char *s2 = "Hello \t  Please\n Trim me !";
	int r_size = strlen(s2);
	int size;

	ft_strtrim(s1, " \n\t");
	size = get_last_malloc_size();
	if (size == r_size + 1)
		exit(TEST_SUCCESS);
	exit(TEST_KO);

Diffs:
     strtrim: |27|
  ft_strtrim: |19|

[fail]: your strtrim does not allocate memory
Test code:
	char *s1 = "   \t  \n\n \t\t  \n\n\nHello \t  Please\n Trim me !\n   \n \n \t\t\n  ";
	char *s2 = "Hello \t  Please\n Trim me !";
	char *ret = ft_strtrim(s1, " \n\t");

	if (!strcmp(ret, s2))
	{
		free(ret);
		exit(TEST_SUCCESS);
	}
	free(ret);
	exit(TEST_FAILED);

Diffs:
     strtrim: |Hello 	  Please
 Trim me !|
  ft_strtrim: |HelloPleaseTrimme!|

[fail]: your strtrim does not set \0 to the end of the string
Test code:
	char *s1 = "   \t  \n\n \t\t  \n\n\nHello \t  Please\n Trim me !\n   \n \n \t\t\n  ";
	char *s2 = "Hello \t  Please\n Trim me !";

	char *ret = ft_strtrim(s1, " \n\t");
	if (!strcmp(s2, ret))
	{
		free(ret);
		exit(TEST_SUCCESS);
	}
	free(ret);
	exit(TEST_FAILED);

Diffs:
     strtrim: |Hello 	  Please
 Trim me !|
  ft_strtrim: |HelloPleaseTrimme!|

ft_split:      [OK] [OK] [OK] [OK] [OK] [OK] [FAILED] [OK] [OK] [OK] {not protected}
[fail]: your split will segfault in case --> *str="\0aa\0bbb" c='\0' 
Test code:
	char **expected = ft_split("\0aa\0bbb", '\0');

	for (int i = 0; expected[i]; i++)
	{
		if (expected[i] != ((void *)0))
			exit(TEST_FAILED);
	}
	exit(TEST_SUCCESS);

Diffs:


ft_itoa:       [FAILED] [OK] [OK] [OK] [OK] [OK] [OK] [OK] [OK] 
[fail]: your itoa does not work with basic input
Test code:
	char *i1 = ft_itoa(-623);
	char *i2 = ft_itoa(156);
	char *i3 = ft_itoa(-0);

	if (strcmp(i1, "-623"))
	{
		exit(TEST_FAILED);
	}
	if (strcmp(i2, "156"))
	{
		exit(TEST_FAILED);
	}
	if (strcmp("0", i3))
	{
		exit(TEST_FAILED);
	}
	exit(TEST_SUCCESS);

Diffs:
        itoa: |0|
     ft_itoa: |-|

ft_strmapi:    [OK] [OK] [OK] [OK] [OK] {not protected}
ft_putchar_fd: [OK] [OK] 
ft_putstr_fd:  [OK] [OK] {not protected}
ft_putendl_fd: [FAILED] [FAILED] {not protected}
[fail]: your putendl_fd does not work with basic input
Test code:
	char buff1[0xF00] = "the cake is a lie !\0I'm hidden lol\r\n";
	char buff2[0xF00];

	fd_to_buffer(2);
	ft_putendl_fd(buff1, 2);
	write(1, "", 1);
	write(2, "", 1);
	get_fd_buffer(2, buff2, sizeof(buff2));
	__builtin___strcat_chk (buff1, "\n", __builtin_object_size (buff1, 2 > 1 ? 1 : 0));
	if (!strcmp(buff1, buff2))
		exit(TEST_SUCCESS);
	exit(TEST_FAILED);

Diffs:
  putendl_fd: |the cake is a lie !
|
ft_putendl_fd: |the cake is a lie !|

[fail]: your putendl_fd does not work with non ascii chars
Test code:
	char buff1[0xF00] = "string \x01 of \x63 non \x0a ascii \x12 chars\x1d";
	char buff2[0xF00];

	fd_to_buffer(2);
	ft_putendl_fd(buff1, 2);
	write(1, "", 1);
	write(2, "", 1);
	get_fd_buffer(2, buff2, sizeof(buff2));
	__builtin___strcat_chk (buff1, "\n", __builtin_object_size (buff1, 2 > 1 ? 1 : 0));
	if (!strcmp(buff1, buff2))
		exit(TEST_SUCCESS);
	exit(TEST_FAILED);

Diffs:
  putendl_fd: |string  of c non 
 ascii  chars
|
ft_putendl_fd: |string  of c non 
 ascii  chars|

ft_putnbr_fd:  [FAILED] [OK] [OK] [OK] [OK] 
[fail]: your putnbr_fd does not work with zero number
Test code:
	int i = 0;
	char buff[0xF0];

	fd_to_buffer(2);
	ft_putnbr_fd(i, 2);
	write(2, "", 1);
	get_fd_buffer(2, buff, 0xF0);
	if (buff[0] == '0')
		exit(TEST_SUCCESS);
	exit(TEST_FAILED);

Diffs:


ft_lstnew:     [OK] [OK] [OK] [OK] 
ft_lstadd_front: [OK] [OK] [OK] 
ft_lstsize:    [OK] [OK] 
ft_lstlast:    [OK] [OK] 
ft_lstadd_back:[OK] [OK] [OK] 
ft_lstdelone:  [OK] {protected}
ft_lstclear:   [OK] [OK] [OK] {protected}
ft_lstiter:    [OK] {protected}
ft_lstmap:     [CRASH] {protected}
[crash]: your lstmap does not work with basic input
Test code:
	t_list *l = lstnew(strdup(" 1 2 3 "));
	t_list *ret;

	l->next = lstnew(strdup("ss"));
	l->next->next = lstnew(strdup("-_-"));
	ret = ft_lstmap(l, lstmap_f, lstdel_f);
	if (!strcmp(ret->content, "OK !") && !strcmp(ret->next->content, "OK !") && !strcmp(ret->next->next->content, "OK !") && !strcmp(l->content, " 1 2 3 ") && !strcmp(l->next->content, "ss") && !strcmp(l->next->next->content, "-_-"))
		exit(TEST_SUCCESS);
	exit(TEST_FAILED);


ft_striteri:   [FAILED] [OK] {not protected}
[fail]: your striteri does no work
Test code:
	char b[] = "override this !";
	char b2[0xF0];
	size_t size = strlen(b);

	for (size_t i = 0; i < size; i++)
		f_striteri(i, b2 + i);
	b2[size] = 0;
	ft_striteri(b, f_striteri);
	if (!strcmp(b, b2))
		exit(TEST_SUCCESS);
	exit(TEST_FAILED);

Diffs:
    striteri: |0verride this !|
 ft_striteri: |0123456789:;<=>|

